<?xml version="1.0" encoding="UTF-8"?>
<testng-results skipped="0" failed="0" ignored="0" total="1" passed="1">
  <reporter-output>
  </reporter-output>
  <suite name="Default suite" duration-ms="32" started-at="2019-02-08T00:30:25Z" finished-at="2019-02-08T00:30:25Z">
    <groups>
    </groups>
    <test name="Default test" duration-ms="32" started-at="2019-02-08T00:30:25Z" finished-at="2019-02-08T00:30:25Z">
      <class name="base.Demo1">
        <test-method status="PASS" signature="beforeMethod()[pri:0, instance:base.Demo1@91161c7]" name="beforeMethod" is-config="true" duration-ms="7" started-at="2019-02-08T00:30:25Z" finished-at="2019-02-08T00:30:25Z">
          <reporter-output>
          </reporter-output>
        </test-method> <!-- beforeMethod -->
        <test-method status="PASS" signature="test()[pri:0, instance:base.Demo1@91161c7]" name="test" duration-ms="4" started-at="2019-02-08T00:30:25Z" finished-at="2019-02-08T00:30:25Z">
          <reporter-output>
          </reporter-output>
        </test-method> <!-- test -->
        <test-method status="PASS" signature="afterMethod()[pri:0, instance:base.Demo1@91161c7]" name="afterMethod" is-config="true" duration-ms="1" started-at="2019-02-08T00:30:25Z" finished-at="2019-02-08T00:30:25Z">
          <reporter-output>
          </reporter-output>
        </test-method> <!-- afterMethod -->
      </class> <!-- base.Demo1 -->
    </test> <!-- Default test -->
  </suite> <!-- Default suite -->
</testng-results>
